[11.10.2018 10:51] [FILEMON] Initializing control for file ("D:\test1.txt)...[11.10.2018 10:52] [FILEMON] Initializing control for file ("D:\test1.txt)...[11.10.2018 10:53] [FILEMON] Initializing control for file ("D:\test1.txt)...[11.10.2018 10:54] [FILEMON] Initializing control for file ("D:\test1.txt)...[11.10.2018 11:01] [FILEMON] Initializing control for file ("D:\test1.txt)...
[11.10.2018 11:01] [FM] Error starting service:    в System.IO.FileSystemWatcher..ctor(String path, String filter)
   в System.IO.FileSystemWatcher..ctor(String path)
   в Monitor.FileMonitor..ctor(String path) в F:\FileMonitor\Monitor\FileMonitor.cs:строка 19
   в Monitor.BackupServiceManager.EnableFor(String path) в F:\FileMonitor\Monitor\BackupServiceManager.cs:строка 21
   в UI.MainWindow.EnableService() в F:\FileMonitor\UI\MainWindow.cs:строка 78

[11.10.2018 11:02] [FILEMON] Initializing control for file ("D:\test1.txt)...
[11.10.2018 11:02] [FM] Error starting service:    в System.IO.FileSystemWatcher..ctor(String path, String filter)
   в Monitor.FileMonitor..ctor(String path) в F:\FileMonitor\Monitor\FileMonitor.cs:строка 19
   в Monitor.BackupServiceManager.EnableFor(String path) в F:\FileMonitor\Monitor\BackupServiceManager.cs:строка 21
   в UI.MainWindow.EnableService() в F:\FileMonitor\UI\MainWindow.cs:строка 78

[11.10.2018 11:03] [FILEMON] Initializing control for file ("D:\test1.txt)...
[11.10.2018 11:03] [FM] Error starting service:    в System.IO.FileSystemWatcher..ctor(String path, String filter)
   в Monitor.FileMonitor..ctor(String path) в F:\FileMonitor\Monitor\FileMonitor.cs:строка 19
   в Monitor.BackupServiceManager.EnableFor(String path) в F:\FileMonitor\Monitor\BackupServiceManager.cs:строка 21
   в UI.MainWindow.EnableService() в F:\FileMonitor\UI\MainWindow.cs:строка 78

[11.10.2018 11:04] [FILEMON] Initializing control for file ("D:\test1.txt)...
[11.10.2018 11:04] [FM] Error starting service:    в System.IO.FileSystemWatcher..ctor(String path, String filter)
   в Monitor.FileMonitor..ctor(String path) в F:\FileMonitor\Monitor\FileMonitor.cs:строка 19
   в Monitor.BackupServiceManager.EnableFor(String path) в F:\FileMonitor\Monitor\BackupServiceManager.cs:строка 21
   в UI.MainWindow.EnableService() в F:\FileMonitor\UI\MainWindow.cs:строка 78

[11.10.2018 20:37] [FILEMON] Initializing control for file ("D:\test1.txt")...
[11.10.2018 20:37] [FILEMON] Initializing control for file ("D:\test.rar")...
[11.10.2018 20:39] [FILEMON] Initializing control for file ("D:\test1.txt")...
[11.10.2018 20:39] [FILEMON] Initializing control for file ("D:\test.rar")...
[11.10.2018 20:39] [BACKUP] Backup (-8586623308941807058) created successfully!
[11.10.2018 20:39] [BACKUP] Backup (-8586623308909619558) created successfully!
[11.10.2018 22:29] [BACKUP] Backup #-8586623308909619558 successfully removed!
[11.10.2018 22:29] [BACKUP] Backup (-8586623308941807058) restored successfully!
[11.10.2018 22:31] [BACKUP] Backup (-8586623308941807058) restored successfully!
[11.10.2018 22:32] [FILEMON] Initializing control for file ("D:\test1.txt")...
[11.10.2018 22:32] [FILEMON] Initializing control for file ("D:\test.rar")...
[11.10.2018 22:33] [FILEMON] Initializing control for file ("D:\test1.txt")...
[11.10.2018 22:33] [FILEMON] Initializing control for file ("D:\test.rar")...
[11.10.2018 22:40] [FILEMON] Initializing control for file ("D:\test1.txt")...
[11.10.2018 22:40] [FILEMON] Initializing control for file ("D:\test.rar")...
[11.10.2018 22:47] [FILEMON] Initializing control for file ("D:\test1.txt")...
[11.10.2018 22:47] [FILEMON] Initializing control for file ("D:\test.rar")...
[11.10.2018 22:50] [FILEMON] Initializing control for file ("D:\test1.txt")...
[11.10.2018 22:50] [FILEMON] Initializing control for file ("D:\test.rar")...
[11.10.2018 22:51] [FILEMON] Initializing control for file ("D:\test1.txt")...
[11.10.2018 22:51] [FILEMON] Initializing control for file ("D:\test.rar")...
[11.10.2018 22:55] [FILEMON] Initializing control for file ("D:\test1.txt")...
[11.10.2018 22:55] [FILEMON] Initializing control for file ("D:\test.rar")...
[11.10.2018 22:58] [FILEMON] Initializing control for file ("D:\test1.txt")...
[11.10.2018 22:58] [FILEMON] Initializing control for file ("D:\test.rar")...
[12.10.2018 7:54] [FILEMON] Initializing control for file ("D:\test1.txt")...
[12.10.2018 7:54] [FILEMON] Initializing control for file ("D:\test.rar")...
[12.10.2018 7:54] [BACKUP] Backup (-8586622868085913107) created successfully!
[12.10.2018 7:54] [BACKUP] Backup (-8586622867871724730) created successfully!
[12.10.2018 7:55] [BACKUP] Backup (-8586622867334615787) created successfully!
[12.10.2018 7:56] [BACKUP] Backup (-8586622867334615787) restored successfully!
[12.10.2018 7:56] [BACKUP] Backup (-8586622866712174694) created successfully!
[12.10.2018 8:00] [BACKUP] Backup #-8586622866712174694 successfully removed!
[12.10.2018 8:00] [BACKUP] Backup (-8586622867334615787) restored successfully!
[12.10.2018 18:25] [FILEMON] Initializing control for file ("D:\test1.txt")...
[12.10.2018 18:25] [FILEMON] Initializing control for file ("D:\test.rar")...
[12.10.2018 18:54] [FILEMON] Initializing control for file ("D:\test1.txt")...
[12.10.2018 18:54] [FILEMON] Initializing control for file ("D:\test.rar")...
[12.10.2018 18:56] [FILEMON] Initializing control for file ("D:\bot.zip")...
[12.10.2018 18:56] [FILEMON] Initializing control for file ("D:\test1.txt")...
[12.10.2018 18:56] [FILEMON] Initializing control for file ("D:\test.rar")...
[12.10.2018 20:38] [FILEMON] Initializing control for file ("D:\test1.txt")...
[12.10.2018 20:38] [FILEMON] Initializing control for file ("D:\test.rar")...
[12.10.2018 20:45] [FILEMON] Initializing control for file ("D:\bot.zip")...
[12.10.2018 20:45] [FILEMON] Initializing control for file ("D:\test1.txt")...
[12.10.2018 20:47] [FILEMON] Initializing control for file ("D:\bot.zip")...
[12.10.2018 21:39] [FILEMON] Initializing control for file ("D:\test1.txt")...
[12.10.2018 21:39] [DIRMON] Initializing control for directory ("D:\")...
[12.10.2018 21:39] [FM] Error starting service:    в System.IO.FileSystemWatcher..ctor(String path, String filter)
   в System.IO.FileSystemWatcher..ctor(String path)
   в Monitor.DirectoryWatcher..ctor(String path) в g:\FileMonitor\Monitor\DirectoryWatcher.cs:строка 23
   в Monitor.FileMonitor..ctor(String path) в g:\FileMonitor\Monitor\FileMonitor.cs:строка 27
   в Monitor.BackupServiceManager.EnableFor(String path) в g:\FileMonitor\Monitor\BackupServiceManager.cs:строка 22
   в UI.MainWindow.EnableService() в g:\FileMonitor\UI\MainWindow.cs:строка 85

[12.10.2018 21:40] [FILEMON] Initializing control for file ("D:\bot\bot.sln")...
[12.10.2018 21:40] [DIRMON] Initializing control for directory ("D:\bot")...
[12.10.2018 21:42] [FILEMON] Initializing control for file ("D:\test1.txt")...
[12.10.2018 21:42] [DIRMON] Initializing control for directory ("D:\")...
[12.10.2018 21:42] [FM] Error starting service:    в System.IO.FileSystemWatcher..ctor(String path, String filter)
   в System.IO.FileSystemWatcher..ctor(String path)
   в Monitor.DirectoryWatcher..ctor(String path) в g:\FileMonitor\Monitor\DirectoryWatcher.cs:строка 23
   в Monitor.FileMonitor..ctor(String path) в g:\FileMonitor\Monitor\FileMonitor.cs:строка 27
   в Monitor.BackupServiceManager.EnableFor(String path) в g:\FileMonitor\Monitor\BackupServiceManager.cs:строка 22
   в UI.MainWindow.EnableService() в g:\FileMonitor\UI\MainWindow.cs:строка 85

[12.10.2018 21:49] [FILEMON] Initializing control for file ("D:\test1.txt")...
[12.10.2018 21:49] [DIRMON] Initializing control for directory ("D:\")...
[12.10.2018 21:49] [FM] Error starting service:    в System.IO.FileSystemWatcher..ctor(String path, String filter)
   в System.IO.FileSystemWatcher..ctor(String path)
   в Monitor.DirectoryWatcher..ctor(String path) в g:\FileMonitor\Monitor\DirectoryWatcher.cs:строка 23
   в Monitor.FileMonitor..ctor(String path) в g:\FileMonitor\Monitor\FileMonitor.cs:строка 27
   в Monitor.BackupServiceManager.EnableFor(String path) в g:\FileMonitor\Monitor\BackupServiceManager.cs:строка 22
   в UI.MainWindow.EnableService() в g:\FileMonitor\UI\MainWindow.cs:строка 85

[12.10.2018 21:50] [FILEMON] Initializing control for file ("D:\bot\bot.sln")...
[12.10.2018 21:50] [DIRMON] Initializing control for directory ("D:\bot")...
[12.10.2018 21:55] [FILEMON] Initializing control for file ("D:\test1.txt")...
[12.10.2018 21:55] [DIRMON] Initializing control for directory ("D:\")...
[12.10.2018 21:55] [FM] Error starting service:    в System.IO.FileSystemWatcher..ctor(String path, String filter)
   в System.IO.FileSystemWatcher..ctor(String path)
   в Monitor.DirectoryWatcher..ctor(String path) в g:\FileMonitor\Monitor\DirectoryWatcher.cs:строка 23
   в Monitor.FileMonitor..ctor(String path) в g:\FileMonitor\Monitor\FileMonitor.cs:строка 27
   в Monitor.BackupServiceManager.EnableFor(String path) в g:\FileMonitor\Monitor\BackupServiceManager.cs:строка 22
   в UI.MainWindow.EnableService() в g:\FileMonitor\UI\MainWindow.cs:строка 85

[12.10.2018 21:55] [FILEMON] Initializing control for file ("D:\bot\bot.sln")...
[12.10.2018 21:55] [DIRMON] Initializing control for directory ("D:\bot")...
[12.10.2018 21:57] [FILEMON] Initializing control for file ("D:\test1.txt")...
[12.10.2018 21:57] [DIRMON] Initializing control for directory ("D:\")...
[12.10.2018 21:59] [FILEMON] Initializing control for file ("D:\test1.txt")...
[12.10.2018 21:59] [DIRMON] Initializing control for directory ("D:\")...
[12.10.2018 21:59] [FILEMON] Initializing control for file ("D:\test.rar")...
[12.10.2018 22:01] [FILEMON] Initializing control for file ("D:\test1.txt")...
[12.10.2018 22:01] [DIRMON] Initializing control for directory ("D:\")...
[12.10.2018 22:03] [FILEMON] Initializing control for file ("D:\test.rar")...
[13.10.2018 18:20] [FILEMON] Initializing control for file ("D:\test1.txt")...
[13.10.2018 18:20] [DIRMON] Initializing control for directory ("D:\")...
[13.10.2018 18:20] [FILEMON] Initializing control for file ("D:\test.rar")...
[13.10.2018 19:01] [FILEMON] Initializing control for file ("D:\test1.txt")...
[13.10.2018 19:01] [DIRMON] Initializing control for directory ("D:\")...
[13.10.2018 19:01] [FILEMON] Initializing control for file ("D:\test.rar")...
[13.10.2018 19:01] [FILEMON] Initializing control for file ("D:\test1.txt")...
[13.10.2018 19:01] [DIRMON] Initializing control for directory ("D:\")...
[13.10.2018 19:01] [FILEMON] Initializing control for file ("D:\test.rar")...
[13.10.2018 19:03] [FILEMON] Initializing control for file ("D:\test1.txt")...
[13.10.2018 19:03] [DIRMON] Initializing control for directory ("D:\")...
[13.10.2018 19:03] [FILEMON] Initializing control for file ("D:\test.rar")...
[13.10.2018 19:06] [FILEMON] Initializing control for file ("D:\test1.txt")...
[13.10.2018 19:06] [DIRMON] Initializing control for directory ("D:\")...
[13.10.2018 19:06] [FILEMON] Initializing control for file ("D:\test.rar")...
[15.10.2018 11:01] [FILEMON] Initializing control for file ("D:\test1.txt")...
[15.10.2018 11:01] [DIRMON] Initializing control for directory ("D:\")...
[15.10.2018 11:01] [FILEMON] Initializing control for file ("D:\test.rar")...
[15.10.2018 11:06] [FILEMON] Initializing control for file ("D:\test.rar")...
[15.10.2018 11:09] [FILEMON] Initializing control for file ("D:\test1.txt")...
[15.10.2018 11:09] [DIRMON] Initializing control for directory ("D:\")...
[15.10.2018 11:09] [FILEMON] Initializing control for file ("D:\test.rar")...
[15.10.2018 11:10] [FILEMON] Initializing control for file ("D:\test.rar")...
